  main.cpp
C:\Users\Barbosa\Desktop\RT\P3D_RayTracer\maths.h(69,23): warning C4244: 'return': conversão de 'double' para 'float', possível perda de dados
  (compilando o arquivo fonte 'main.cpp')
  
C:\Users\Barbosa\Desktop\RT\P3D_RayTracer\color.h(55,7): warning C4244: 'argumento': conversão de 'double' para 'float', possível perda de dados
  (compilando o arquivo fonte 'main.cpp')
  
C:\Users\Barbosa\Desktop\RT\P3D_RayTracer\color.h(54,7): warning C4244: 'argumento': conversão de 'double' para 'float', possível perda de dados
  (compilando o arquivo fonte 'main.cpp')
  
C:\Users\Barbosa\Desktop\RT\P3D_RayTracer\color.h(53,16): warning C4244: 'argumento': conversão de 'double' para 'float', possível perda de dados
  (compilando o arquivo fonte 'main.cpp')
  
C:\Users\Barbosa\Desktop\RT\P3D_RayTracer\main.cpp(465,29): warning C4244: '=': conversão de 'double' para 'float', possível perda de dados
C:\Users\Barbosa\Desktop\RT\P3D_RayTracer\main.cpp(546,50): warning C4244: 'argumento': conversão de 'int' para 'float', possível perda de dados
C:\Users\Barbosa\Desktop\RT\P3D_RayTracer\main.cpp(546,92): warning C4244: 'argumento': conversão de 'int' para 'float', possível perda de dados
C:\Users\Barbosa\Desktop\RT\P3D_RayTracer\main.cpp(549,44): warning C4244: 'argumento': conversão de 'double' para '_Ty', possível perda de dados
C:\Users\Barbosa\Desktop\RT\P3D_RayTracer\main.cpp(549,44): warning C4244:         with
C:\Users\Barbosa\Desktop\RT\P3D_RayTracer\main.cpp(549,44): warning C4244:         [
C:\Users\Barbosa\Desktop\RT\P3D_RayTracer\main.cpp(549,44): warning C4244:             _Ty=int
C:\Users\Barbosa\Desktop\RT\P3D_RayTracer\main.cpp(549,44): warning C4244:         ]
C:\Users\Barbosa\Desktop\RT\P3D_RayTracer\main.cpp(549,12): warning C4244: 'inicializando': conversão de 'double' para 'int', possível perda de dados
C:\Users\Barbosa\Desktop\RT\P3D_RayTracer\main.cpp(550,44): warning C4244: 'argumento': conversão de 'double' para '_Ty', possível perda de dados
C:\Users\Barbosa\Desktop\RT\P3D_RayTracer\main.cpp(550,44): warning C4244:         with
C:\Users\Barbosa\Desktop\RT\P3D_RayTracer\main.cpp(550,44): warning C4244:         [
C:\Users\Barbosa\Desktop\RT\P3D_RayTracer\main.cpp(550,44): warning C4244:             _Ty=int
C:\Users\Barbosa\Desktop\RT\P3D_RayTracer\main.cpp(550,44): warning C4244:         ]
C:\Users\Barbosa\Desktop\RT\P3D_RayTracer\main.cpp(550,12): warning C4244: 'inicializando': conversão de 'double' para 'int', possível perda de dados
C:\Users\Barbosa\Desktop\RT\P3D_RayTracer\main.cpp(553,65): warning C4244: 'argumento': conversão de 'double' para 'float', possível perda de dados
C:\Users\Barbosa\Desktop\RT\P3D_RayTracer\main.cpp(553,99): warning C4244: 'argumento': conversão de 'double' para 'float', possível perda de dados
  P3D_RayTracer.vcxproj -> C:\Users\Barbosa\Desktop\RT\x64\Debug\P3D_RayTracer.exe
  0 File(s) copied
